### ISSUE TITLE
Seg fault running FileSystemWatcher tests on OSX

### ISSUE THREAD

**Issue by stephentoub** [dotnet/corefx#8983]
http://dotnet-ci.cloudapp.net/job/dotnet_corefx/job/master/job/outerloop_osx_debug/52/consoleText
```
/Users/dotnet-bot/j/workspace/dotnet_corefx/master/outerloop_osx_debug/bin/tests/OSX.AnyCPU.Debug/System.IO.FileSystem.Watcher.Tests/netcoreapp1.0/RunTests.sh: line 285: 70576 Segmentation fault: 11  ./corerun xunit.console.netcore.exe System.IO.FileSystem.Watcher.Tests.dll -xml testResults.xml -notrait Benchmark=true -notrait category=IgnoreForCI -notrait category=failing -notrait category=nonosxtests
  Finished running tests. End time=23:20:31. Return value was 139
/Users/dotnet-bot/j/workspace/dotnet_corefx/master/outerloop_osx_debug/Tools/tests.targets(202,5): warning MSB3073: The command "/Users/dotnet-bot/j/workspace/dotnet_corefx/master/outerloop_osx_debug/bin/tests/OSX.AnyCPU.Debug/System.IO.FileSystem.Watcher.Tests/netcoreapp1.0/RunTests.sh /Users/dotnet-bot/j/workspace/dotnet_corefx/master/outerloop_osx_debug/packages/" exited with code 139. [/Users/dotnet-bot/j/workspace/dotnet_corefx/master/outerloop_osx_debug/src/System.IO.FileSystem.Watcher/tests/System.IO.FileSystem.Watcher.Tests.csproj]
/Users/dotnet-bot/j/workspace/dotnet_corefx/master/outerloop_osx_debug/Tools/tests.targets(211,5): error : One or more tests failed while running tests from 'System.IO.FileSystem.Watcher.Tests' please check log for details! [/Users/dotnet-bot/j/workspace/dotnet_corefx/master/outerloop_osx_debug/src/System.IO.FileSystem.Watcher/tests/System.IO.FileSystem.Watcher.Tests.csproj]
```
cc: @janvorli, @ianhays

**Comment by ianhays** [comment]
Interesting, because I get this:
```
Finished linking needed files, moving to running tests.
  Running tests... Start time: 08:52:05
  Commands:
  ./corerun xunit.console.netcore.exe System.IO.FileSystem.Watcher.Tests.dll -xml testResults.xml -notrait Benchmark=true -notrait category=OuterLoop -notrait category=failing -notrait category=nonosxtests
  /home/ianha/git/corefx/bin/tests/OSX.AnyCPU.Debug/System.IO.FileSystem.Watcher.Tests/netcoreapp1.0/RunTests.sh: line 206: ./corerun: cannot execute binary file: Exec format error
  Finished running tests. End time=08:52:05. Return value was 126
```

**Comment by ianhays** [comment]
I can't seem to get corerun to work from the individual netcoreapp1.0 test directory, The corerun in Tools works fine, and build.cmd works fine, but in the test dir I get this:
```
~/git/corefx/bin/tests/OSX.AnyCPU.Debug/System.IO.FileSystem.Watcher.Tests/netcoreapp1.0$ ./corerun
-bash: ./corerun: cannot execute binary file: Exec format error
~/git/corefx/bin/tests/OSX.AnyCPU.Debug/System.IO.FileSystem.Watcher.Tests/netcoreapp1.0$ ~/git/corefx/Tools/corerun
Usage: corerun [OPTIONS] assembly [ARGUMENTS]
Execute the specified managed assembly with the passed in arguments

Options:
-c, --clr-path  path to the libcoreclr.so and the managed CLR assemblies
```

objdump format of coreruns:
```
~/git/corefx/bin/tests/OSX.AnyCPU.Debug/System.IO.FileSystem.Watcher.Tests/netcoreapp1.0$ objdump -a corerun
objdump: corerun: File format not recognized
~/git/corefx/bin/tests/OSX.AnyCPU.Debug/System.IO.FileSystem.Watcher.Tests/netcoreapp1.0$ objdump -a ~/git/corefx/Tools/corerun

/home/ianha/git/corefx/Tools/corerun:     file format elf64-x86-64
```

**Comment by janvorli** [comment]
Is it possible that the restoration of the corerun has failed and it has e.g. zero length? You can copy over the corerun from the other folder (and also all *.so, *.dbg and *.dll)

**Comment by ianhays** [comment]
My repo was messed up. I did another re-clone and now get this:
```
netcore-mini:git bryan$ rm -rf corefx
netcore-mini:git bryan$ git clone https://github.com/dotnet/corefx.git
Cloning into 'corefx'...
remote: Counting objects: 207658, done.
remote: Total 207658 (delta 0), reused 0 (delta 0), pack-reused 207657
Receiving objects: 100% (207658/207658), 70.58 MiB | 13.53 MiB/s, done.
Resolving deltas: 100% (150123/150123), done.
Checking connectivity... done.
Checking out files: 100% (10241/10241), done.
netcore-mini:git bryan$ cd corefx
netcore-mini:corefx bryan$ ./init-tools.sh
Installing dotnet cli...
Restoring BuildTools version 1.0.25-prerelease-00427-05...
Initializing BuildTools...

Errors in /Users/bryan/git/corefx/packages/Microsoft.DotNet.BuildTools/1.0.25-prerelease-00427-05/lib/tool-runtime/project.json
    Unable to resolve 'System.Resources.ResourceManager (>= 4.0.1-rc3-24123-01)' for '.NETCoreApp,Version=v1.0'.
    Unable to resolve 'System.Collections (>= 4.0.11-rc3-24123-01)' for '.NETCoreApp,Version=v1.0'.
    Unable to resolve 'System.Collections.NonGeneric (>= 4.0.1-rc3-24123-01)' for '.NETCoreApp,Version=v1.0'.
    Unable to resolve 'System.Globalization (>= 4.0.11-rc3-24123-01)' for '.NETCoreApp,Version=v1.0'.
    Unable to resolve 'System.Reflection (>= 4.1.0-rc3-24123-01)' for '.NETCoreApp,Version=v1.0'.
    Unable to resolve 'System.Diagnostics.Debug (>= 4.0.11-rc3-24123-01)' for '.NETCoreApp,Version=v1.0'.
    Unable to resolve 'System.Text.Encoding (>= 4.0.11-rc3-24123-01)' for '.NETCoreApp,Version=v1.0'.
    Unable to resolve 'System.Console (>= 4.0.0-rc3-24123-01)' for '.NETCoreApp,Version=v1.0'.
    Unable to resolve 'System.Reflection.Extensions (>= 4.0.1-rc3-24123-01)' for '.NETCoreApp,Version=v1.0'.
    Unable to resolve 'System.Collections.Concurrent (>= 4.0.12-rc3-24123-01)' for '.NETCoreApp,Version=v1.0'.
    Unable to resolve 'System.Net.Http (>= 4.1.0-rc3-24123-01)' for '.NETCoreApp,Version=v1.0'.
    Unable to resolve 'System.Diagnostics.Tracing (>= 4.1.0-rc3-24123-01)' for '.NETCoreApp,Version=v1.0'.
    Unable to resolve 'System.Net.Primitives (>= 4.0.11-rc3-24123-01)' for '.NETCoreApp,Version=v1.0'.
    Unable to resolve 'System.Text.Encoding.Extensions (>= 4.0.11-rc3-24123-01)' for '.NETCoreApp,Version=v1.0'.
    Unable to resolve 'System.Runtime.Handles (>= 4.0.1-rc3-24123-01)' for '.NETCoreApp,Version=v1.0'.
    Unable to resolve 'System.Reflection.Primitives (>= 4.0.1-rc3-24123-01)' for '.NETCoreApp,Version=v1.0'.
    Unable to resolve 'System.Threading.Timer (>= 4.0.1-rc3-24123-01)' for '.NETCoreApp,Version=v1.0'.
    Unable to resolve 'System.Xml.ReaderWriter (>= 4.0.11-rc3-24123-01)' for '.NETCoreApp,Version=v1.0'.
    Unable to resolve 'System.Reflection.TypeExtensions (>= 4.1.0-rc3-24123-01)' for '.NETCoreApp,Version=v1.0'.
    Unable to resolve 'System.Linq.Queryable (>= 4.0.1-rc3-24123-01)' for '.NETCoreApp,Version=v1.0'.
    Unable to resolve 'System.Reflection.DispatchProxy (>= 4.0.1-rc3-24123-01)' for '.NETCoreApp,Version=v1.0'.
    Unable to resolve 'Microsoft.NETCore.DotNetHostResolver (>= 1.0.1-rc3-002857-00)' for '.NETCoreApp,Version=v1.0'.
    Unable to resolve 'System.Security.Claims (>= 4.0.1-rc3-24123-01)' for '.NETCoreApp,Version=v1.0'.
    Unable to resolve 'System.Security.Principal (>= 4.0.1-rc3-24123-01)' for '.NETCoreApp,Version=v1.0'.
ERROR: An error occured when trying to initialize the tools. Please check '/Users/bryan/git/corefx/init-tools.log' for more details.
```

**Comment by ianhays** [comment]
Anyways, these tests pass without issue for me on the latest master.

**Comment by ianhays** [comment]
@janvorli I've been running these tests for 3 hours now (~300 iterations) on latest without seeing a segfault.

**Comment by ianhays** [comment]
I ran them all night and didn't see a segfault. Closing.

**Comment by stephentoub** [comment]
The FileSystemWatcher tests just seg faulted again on OSX here:
http://dotnet-ci.cloudapp.net/job/dotnet_corefx/job/master/job/osx_debug_prtest/1924/consoleText

**Comment by joshfree** [comment]
@sergiy-k @lt72

**Comment by joshfree** [comment]
@adityamandaleeka could you help investigate this OS X test running under stress?  We're not able to reproduce it yet - but it has failed in CI twice now.  Thank you

**Comment by joshfree** [comment]
Given this issue has now been running for 2 days under gcstress 3 in a loop on OS X I am moving the bug to the 1.1.0 milestone.  If the issue reproduces again we can re-evaluate for 1.0.

**Comment by janvorli** [comment]
I am also running it in a loop on my Mac under the same GC stress setting and I can keep it running there for several days. I'll let you know if I hit something.

**Comment by stephentoub** [comment]
Another one while running the FSW tests:
http://dotnet-ci.cloudapp.net/job/dotnet_corefx/job/master/job/osx_debug_prtest/2165/consoleText

**Comment by adityamandaleeka** [comment]
Hmm... I just logged on to that machine and don't see anything in /cores. I see that the BuildTools version used in that run was 1.0.26-prerelease-00515-02. I'm not sure whether that includes my change in the BuildTools repo's release/1.0.0 branch.

I poked around a bit and found another similar job (also corefx:master except release instead of debug), and it looks like the scripts there don't reflect the changes made to BuildTools.

cc @ellismg

**Comment by ellismg** [comment]
You should port your changes to master.  The 1.0.26 versions are built from master.

**Comment by adityamandaleeka** [comment]
Sure, I'm on it.

**Comment by adityamandaleeka** [comment]
I just opened https://github.com/dotnet/buildtools/pull/825 which copies the changes from release/1.0.0 to master.

**Comment by stephentoub** [comment]
Another http://dotnet-ci.cloudapp.net/job/dotnet_corefx/job/master/job/osx_release_prtest/2139/consoleText

**Comment by stephentoub** [comment]
Another http://dotnet-ci.cloudapp.net/job/dotnet_corefx/job/master/job/osx_debug_prtest/2243/

But this time a core dump was saved off.  Here are the stacks:
```
bt all
* thread #1: tid = 0x0000, 0x00007fff8b974eb2 libsystem_kernel.dylib`__psynch_cvwait + 10, stop reason = signal SIGSTOP
  * frame #0: 0x00007fff8b974eb2 libsystem_kernel.dylib`__psynch_cvwait + 10
    frame #1: 0x00007fff88ed7150 libsystem_pthread.dylib`_pthread_cond_wait + 767
    frame #2: 0x00000001072d4a92 libcoreclr.dylib`CorUnix::CPalSynchronizationManager::ThreadNativeWait(CorUnix::_ThreadNativeWaitData*, unsigned int, CorUnix::ThreadWakeupReason*, unsigned int*) + 322
    frame #3: 0x00000001072d4763 libcoreclr.dylib`CorUnix::CPalSynchronizationManager::BlockThread(CorUnix::CPalThread*, unsigned int, bool, bool, CorUnix::ThreadWakeupReason*, unsigned int*) + 515
    frame #4: 0x00000001072d9751 libcoreclr.dylib`CorUnix::InternalWaitForMultipleObjectsEx(CorUnix::CPalThread*, unsigned int, void* const*, int, unsigned int, int) + 1857
    frame #5: 0x00000001074da248 libcoreclr.dylib`Thread::DoAppropriateWaitWorker(int, void**, int, unsigned int, WaitMode) + 952
    frame #6: 0x00000001074d4cd9 libcoreclr.dylib`Thread::DoAppropriateWait(int, void**, int, unsigned int, WaitMode, PendingSync*) + 73
    frame #7: 0x0000000107545340 libcoreclr.dylib`WaitHandleNative::CorWaitOneNative(SafeHandle*, int, bool, bool) + 304
    frame #8: 0x000000010dc15453
    frame #9: 0x000000010dc15322
    frame #10: 0x000000010e117ef8
    frame #11: 0x000000010e10ca74
    frame #12: 0x000000010e0fb62b
    frame #13: 0x0000000107630cda libcoreclr.dylib`FastCallFinalizeWorker_End + 124
    frame #14: 0x00000001075200b5 libcoreclr.dylib`MethodDescCallSite::CallTargetWorker(unsigned long const*) + 853
    frame #15: 0x000000010737491a libcoreclr.dylib`RunMain(MethodDesc*, short, int*, PtrArray**) + 938
    frame #16: 0x0000000107374add libcoreclr.dylib`Assembly::ExecuteMainMethod(PtrArray**, int) + 221
    frame #17: 0x00000001073b0fe3 libcoreclr.dylib`CorHost2::ExecuteAssembly(unsigned int, char16_t const*, int, char16_t const**, unsigned int*) + 435
    frame #18: 0x00000001072e5953 libcoreclr.dylib`coreclr_execute_assembly + 259
    frame #19: 0x000000010705ef8b corerun`___lldb_unnamed_function10$$corerun + 1195
    frame #20: 0x000000010705e3bb corerun`___lldb_unnamed_function3$$corerun + 395
    frame #21: 0x00007fff8af375ad libdyld.dylib`start + 1

  thread #2: tid = 0x0001, 0x00007fff8b96f386 libsystem_kernel.dylib`mach_msg_trap + 10, stop reason = signal SIGSTOP
    frame #0: 0x00007fff8b96f386 libsystem_kernel.dylib`mach_msg_trap + 10
    frame #1: 0x00007fff8b96e7c7 libsystem_kernel.dylib`mach_msg + 55
    frame #2: 0x00000001072e29da libcoreclr.dylib`MachMessage::Receive(unsigned int) + 74
    frame #3: 0x00000001072e193e libcoreclr.dylib`SEHExceptionThread(void*) + 110
    frame #4: 0x00007fff88ed6c13 libsystem_pthread.dylib`_pthread_body + 131
    frame #5: 0x00007fff88ed6b90 libsystem_pthread.dylib`_pthread_start + 168
    frame #6: 0x00007fff88ed4375 libsystem_pthread.dylib`thread_start + 13

  thread #3: tid = 0x0002, 0x00007fff8b975fc6 libsystem_kernel.dylib`kevent + 10, stop reason = signal SIGSTOP
    frame #0: 0x00007fff8b975fc6 libsystem_kernel.dylib`kevent + 10
    frame #1: 0x00000001072d7210 libcoreclr.dylib`CorUnix::CPalSynchronizationManager::ReadBytesFromProcessPipe(int, unsigned char*, int) + 240
    frame #2: 0x00000001072d6823 libcoreclr.dylib`CorUnix::CPalSynchronizationManager::WorkerThread(void*) + 131
    frame #3: 0x00000001072df3b8 libcoreclr.dylib`CorUnix::CPalThread::ThreadEntry(void*) + 328
    frame #4: 0x00007fff88ed6c13 libsystem_pthread.dylib`_pthread_body + 131
    frame #5: 0x00007fff88ed6b90 libsystem_pthread.dylib`_pthread_start + 168
    frame #6: 0x00007fff88ed4375 libsystem_pthread.dylib`thread_start + 13

  thread #4: tid = 0x0003, 0x00007fff8b974d16 libsystem_kernel.dylib`__open + 10, stop reason = signal SIGSTOP
    frame #0: 0x00007fff8b974d16 libsystem_kernel.dylib`__open + 10
    frame #1: 0x000000010735190f libcoreclr.dylib`TwoWayPipe::WaitForConnection() + 31
    frame #2: 0x0000000107349641 libcoreclr.dylib`DbgTransportSession::TransportWorker() + 145
    frame #3: 0x00000001073482a9 libcoreclr.dylib`DbgTransportSession::TransportWorkerStatic(void*) + 9
    frame #4: 0x00000001072df3b8 libcoreclr.dylib`CorUnix::CPalThread::ThreadEntry(void*) + 328
    frame #5: 0x00007fff88ed6c13 libsystem_pthread.dylib`_pthread_body + 131
    frame #6: 0x00007fff88ed6b90 libsystem_pthread.dylib`_pthread_start + 168
    frame #7: 0x00007fff88ed4375 libsystem_pthread.dylib`thread_start + 13

  thread #5: tid = 0x0004, 0x00007fff8b974eb2 libsystem_kernel.dylib`__psynch_cvwait + 10, stop reason = signal SIGSTOP
    frame #0: 0x00007fff8b974eb2 libsystem_kernel.dylib`__psynch_cvwait + 10
    frame #1: 0x00007fff88ed7150 libsystem_pthread.dylib`_pthread_cond_wait + 767
    frame #2: 0x00000001072d4a92 libcoreclr.dylib`CorUnix::CPalSynchronizationManager::ThreadNativeWait(CorUnix::_ThreadNativeWaitData*, unsigned int, CorUnix::ThreadWakeupReason*, unsigned int*) + 322
    frame #3: 0x00000001072d4763 libcoreclr.dylib`CorUnix::CPalSynchronizationManager::BlockThread(CorUnix::CPalThread*, unsigned int, bool, bool, CorUnix::ThreadWakeupReason*, unsigned int*) + 515
    frame #4: 0x00000001072d9751 libcoreclr.dylib`CorUnix::InternalWaitForMultipleObjectsEx(CorUnix::CPalThread*, unsigned int, void* const*, int, unsigned int, int) + 1857
    frame #5: 0x00000001073469e1 libcoreclr.dylib`DebuggerRCThread::MainLoop() + 801
    frame #6: 0x000000010734666e libcoreclr.dylib`DebuggerRCThread::ThreadProc() + 270
    frame #7: 0x0000000107346304 libcoreclr.dylib`DebuggerRCThread::ThreadProcStatic(void*) + 132
    frame #8: 0x00000001072df3b8 libcoreclr.dylib`CorUnix::CPalThread::ThreadEntry(void*) + 328
    frame #9: 0x00007fff88ed6c13 libsystem_pthread.dylib`_pthread_body + 131
    frame #10: 0x00007fff88ed6b90 libsystem_pthread.dylib`_pthread_start + 168
    frame #11: 0x00007fff88ed4375 libsystem_pthread.dylib`thread_start + 13

  thread #6: tid = 0x0005, 0x00007fff8b974eb2 libsystem_kernel.dylib`__psynch_cvwait + 10, stop reason = signal SIGSTOP
    frame #0: 0x00007fff8b974eb2 libsystem_kernel.dylib`__psynch_cvwait + 10
    frame #1: 0x00007fff88ed7150 libsystem_pthread.dylib`_pthread_cond_wait + 767
    frame #2: 0x00000001072d4a92 libcoreclr.dylib`CorUnix::CPalSynchronizationManager::ThreadNativeWait(CorUnix::_ThreadNativeWaitData*, unsigned int, CorUnix::ThreadWakeupReason*, unsigned int*) + 322
    frame #3: 0x00000001072d4763 libcoreclr.dylib`CorUnix::CPalSynchronizationManager::BlockThread(CorUnix::CPalThread*, unsigned int, bool, bool, CorUnix::ThreadWakeupReason*, unsigned int*) + 515
    frame #4: 0x00000001072d9751 libcoreclr.dylib`CorUnix::InternalWaitForMultipleObjectsEx(CorUnix::CPalThread*, unsigned int, void* const*, int, unsigned int, int) + 1857
    frame #5: 0x000000010756540e libcoreclr.dylib`FinalizerThread::WaitForFinalizerEvent(CLREvent*) + 158
    frame #6: 0x0000000107565502 libcoreclr.dylib`FinalizerThread::FinalizerThreadWorker(void*) + 114
    frame #7: 0x00000001074e000a libcoreclr.dylib`ManagedThreadBase_DispatchOuter(ManagedThreadCallState*) + 394
    frame #8: 0x00000001074e070a libcoreclr.dylib`ManagedThreadBase::FinalizerBase(void (*)(void*)) + 74
    frame #9: 0x00000001075658fc libcoreclr.dylib`FinalizerThread::FinalizerThreadStart(void*) + 204
    frame #10: 0x00000001072df3b8 libcoreclr.dylib`CorUnix::CPalThread::ThreadEntry(void*) + 328
    frame #11: 0x00007fff88ed6c13 libsystem_pthread.dylib`_pthread_body + 131
    frame #12: 0x00007fff88ed6b90 libsystem_pthread.dylib`_pthread_start + 168
    frame #13: 0x00007fff88ed4375 libsystem_pthread.dylib`thread_start + 13

  thread #7: tid = 0x0006, 0x00007fff8b96f386 libsystem_kernel.dylib`mach_msg_trap + 10, stop reason = signal SIGSTOP
    frame #0: 0x00007fff8b96f386 libsystem_kernel.dylib`mach_msg_trap + 10
    frame #1: 0x00007fff8b96e7c7 libsystem_kernel.dylib`mach_msg + 55
    frame #2: 0x0000000108024faa libclrjit.dylib`MachMessage::Receive(unsigned int) + 74
    frame #3: 0x0000000108023f0e libclrjit.dylib`SEHExceptionThread(void*) + 110
    frame #4: 0x00007fff88ed6c13 libsystem_pthread.dylib`_pthread_body + 131
    frame #5: 0x00007fff88ed6b90 libsystem_pthread.dylib`_pthread_start + 168
    frame #6: 0x00007fff88ed4375 libsystem_pthread.dylib`thread_start + 13

  thread #8: tid = 0x0007, 0x00007fff8b97645e libsystem_kernel.dylib`read + 10, stop reason = signal SIGSTOP
    frame #0: 0x00007fff8b97645e libsystem_kernel.dylib`read + 10
    frame #1: 0x0000000109be55f3 System.Native.dylib`SignalHandlerLoop(void*) + 179
    frame #2: 0x00007fff88ed6c13 libsystem_pthread.dylib`_pthread_body + 131
    frame #3: 0x00007fff88ed6b90 libsystem_pthread.dylib`_pthread_start + 168
    frame #4: 0x00007fff88ed4375 libsystem_pthread.dylib`thread_start + 13

  thread #9: tid = 0x0008, 0x00007fff8b974eb2 libsystem_kernel.dylib`__psynch_cvwait + 10, stop reason = signal SIGSTOP
    frame #0: 0x00007fff8b974eb2 libsystem_kernel.dylib`__psynch_cvwait + 10
    frame #1: 0x00007fff88ed7150 libsystem_pthread.dylib`_pthread_cond_wait + 767
    frame #2: 0x00000001072d4a65 libcoreclr.dylib`CorUnix::CPalSynchronizationManager::ThreadNativeWait(CorUnix::_ThreadNativeWaitData*, unsigned int, CorUnix::ThreadWakeupReason*, unsigned int*) + 277
    frame #3: 0x00000001072d4763 libcoreclr.dylib`CorUnix::CPalSynchronizationManager::BlockThread(CorUnix::CPalThread*, unsigned int, bool, bool, CorUnix::ThreadWakeupReason*, unsigned int*) + 515
    frame #4: 0x00000001072d9751 libcoreclr.dylib`CorUnix::InternalWaitForMultipleObjectsEx(CorUnix::CPalThread*, unsigned int, void* const*, int, unsigned int, int) + 1857
    frame #5: 0x00000001072d99a6 libcoreclr.dylib`WaitForSingleObjectEx + 70
    frame #6: 0x000000010760d0dc libcoreclr.dylib`CLRSemaphore::Wait(unsigned int, int) + 172
    frame #7: 0x000000010750325d libcoreclr.dylib`ThreadpoolMgr::UnfairSemaphore::Wait(unsigned int) + 429
    frame #8: 0x00000001074ff69b libcoreclr.dylib`ThreadpoolMgr::WorkerThreadStart(void*) + 715
    frame #9: 0x00000001072df3b8 libcoreclr.dylib`CorUnix::CPalThread::ThreadEntry(void*) + 328
    frame #10: 0x00007fff88ed6c13 libsystem_pthread.dylib`_pthread_body + 131
    frame #11: 0x00007fff88ed6b90 libsystem_pthread.dylib`_pthread_start + 168
    frame #12: 0x00007fff88ed4375 libsystem_pthread.dylib`thread_start + 13

  thread #10: tid = 0x0009, 0x00007fff8b974eb2 libsystem_kernel.dylib`__psynch_cvwait + 10, stop reason = signal SIGSTOP
    frame #0: 0x00007fff8b974eb2 libsystem_kernel.dylib`__psynch_cvwait + 10
    frame #1: 0x00007fff88ed7150 libsystem_pthread.dylib`_pthread_cond_wait + 767
    frame #2: 0x00000001072d4a65 libcoreclr.dylib`CorUnix::CPalSynchronizationManager::ThreadNativeWait(CorUnix::_ThreadNativeWaitData*, unsigned int, CorUnix::ThreadWakeupReason*, unsigned int*) + 277
    frame #3: 0x00000001072d4763 libcoreclr.dylib`CorUnix::CPalSynchronizationManager::BlockThread(CorUnix::CPalThread*, unsigned int, bool, bool, CorUnix::ThreadWakeupReason*, unsigned int*) + 515
    frame #4: 0x00000001072d9751 libcoreclr.dylib`CorUnix::InternalWaitForMultipleObjectsEx(CorUnix::CPalThread*, unsigned int, void* const*, int, unsigned int, int) + 1857
    frame #5: 0x00000001072d99a6 libcoreclr.dylib`WaitForSingleObjectEx + 70
    frame #6: 0x000000010760d0dc libcoreclr.dylib`CLRSemaphore::Wait(unsigned int, int) + 172
    frame #7: 0x000000010750325d libcoreclr.dylib`ThreadpoolMgr::UnfairSemaphore::Wait(unsigned int) + 429
    frame #8: 0x00000001074ff69b libcoreclr.dylib`ThreadpoolMgr::WorkerThreadStart(void*) + 715
    frame #9: 0x00000001072df3b8 libcoreclr.dylib`CorUnix::CPalThread::ThreadEntry(void*) + 328
    frame #10: 0x00007fff88ed6c13 libsystem_pthread.dylib`_pthread_body + 131
    frame #11: 0x00007fff88ed6b90 libsystem_pthread.dylib`_pthread_start + 168
    frame #12: 0x00007fff88ed4375 libsystem_pthread.dylib`thread_start + 13

  thread #11: tid = 0x000a, 0x00007fff8b974eb2 libsystem_kernel.dylib`__psynch_cvwait + 10, stop reason = signal SIGSTOP
    frame #0: 0x00007fff8b974eb2 libsystem_kernel.dylib`__psynch_cvwait + 10
    frame #1: 0x00007fff88ed7150 libsystem_pthread.dylib`_pthread_cond_wait + 767
    frame #2: 0x00000001072d4a92 libcoreclr.dylib`CorUnix::CPalSynchronizationManager::ThreadNativeWait(CorUnix::_ThreadNativeWaitData*, unsigned int, CorUnix::ThreadWakeupReason*, unsigned int*) + 322
    frame #3: 0x00000001072d4763 libcoreclr.dylib`CorUnix::CPalSynchronizationManager::BlockThread(CorUnix::CPalThread*, unsigned int, bool, bool, CorUnix::ThreadWakeupReason*, unsigned int*) + 515
    frame #4: 0x00000001072d9c40 libcoreclr.dylib`SleepEx + 144
    frame #5: 0x0000000107501f7b libcoreclr.dylib`ThreadpoolMgr::TimerThreadFire() + 123
    frame #6: 0x0000000107501e65 libcoreclr.dylib`ThreadpoolMgr::TimerThreadStart(void*) + 181
    frame #7: 0x00000001072df3b8 libcoreclr.dylib`CorUnix::CPalThread::ThreadEntry(void*) + 328
    frame #8: 0x00007fff88ed6c13 libsystem_pthread.dylib`_pthread_body + 131
    frame #9: 0x00007fff88ed6b90 libsystem_pthread.dylib`_pthread_start + 168
    frame #10: 0x00007fff88ed4375 libsystem_pthread.dylib`thread_start + 13

  thread #12: tid = 0x000b, 0x00007fff8b974eb2 libsystem_kernel.dylib`__psynch_cvwait + 10, stop reason = signal SIGSTOP
    frame #0: 0x00007fff8b974eb2 libsystem_kernel.dylib`__psynch_cvwait + 10
    frame #1: 0x00007fff88ed7150 libsystem_pthread.dylib`_pthread_cond_wait + 767
    frame #2: 0x00000001072d4a92 libcoreclr.dylib`CorUnix::CPalSynchronizationManager::ThreadNativeWait(CorUnix::_ThreadNativeWaitData*, unsigned int, CorUnix::ThreadWakeupReason*, unsigned int*) + 322
    frame #3: 0x00000001072d4763 libcoreclr.dylib`CorUnix::CPalSynchronizationManager::BlockThread(CorUnix::CPalThread*, unsigned int, bool, bool, CorUnix::ThreadWakeupReason*, unsigned int*) + 515
    frame #4: 0x00000001072d9751 libcoreclr.dylib`CorUnix::InternalWaitForMultipleObjectsEx(CorUnix::CPalThread*, unsigned int, void* const*, int, unsigned int, int) + 1857
    frame #5: 0x00000001074da248 libcoreclr.dylib`Thread::DoAppropriateWaitWorker(int, void**, int, unsigned int, WaitMode) + 952
    frame #6: 0x00000001074d4cd9 libcoreclr.dylib`Thread::DoAppropriateWait(int, void**, int, unsigned int, WaitMode, PendingSync*) + 73
    frame #7: 0x0000000107545340 libcoreclr.dylib`WaitHandleNative::CorWaitOneNative(SafeHandle*, int, bool, bool) + 304
    frame #8: 0x000000010dc15453
    frame #9: 0x000000010dc15322
    frame #10: 0x000000010e12ddd2
    frame #11: 0x000000010e12d3a1
    frame #12: 0x000000010dc73cd6
    frame #13: 0x000000010dc149f1
    frame #14: 0x000000010dc74291
    frame #15: 0x000000010dc73ff8
    frame #16: 0x000000010dc149f1
    frame #17: 0x0000000107630cda libcoreclr.dylib`FastCallFinalizeWorker_End + 124
    frame #18: 0x00000001075200b5 libcoreclr.dylib`MethodDescCallSite::CallTargetWorker(unsigned long const*) + 853
    frame #19: 0x0000000107534662 libcoreclr.dylib`ThreadNative::KickOffThread_Worker(void*) + 466
    frame #20: 0x00000001074e000a libcoreclr.dylib`ManagedThreadBase_DispatchOuter(ManagedThreadCallState*) + 394
    frame #21: 0x00000001074e0679 libcoreclr.dylib`ManagedThreadBase::KickOff(ADID, void (*)(void*), void*) + 57
    frame #22: 0x00000001075347f1 libcoreclr.dylib`ThreadNative::KickOffThread(void*) + 209
    frame #23: 0x00000001072df3b8 libcoreclr.dylib`CorUnix::CPalThread::ThreadEntry(void*) + 328
    frame #24: 0x00007fff88ed6c13 libsystem_pthread.dylib`_pthread_body + 131
    frame #25: 0x00007fff88ed6b90 libsystem_pthread.dylib`_pthread_start + 168
    frame #26: 0x00007fff88ed4375 libsystem_pthread.dylib`thread_start + 13

  thread #13: tid = 0x000c, 0x00007fff8b9768de libsystem_kernel.dylib`sync + 10, stop reason = signal SIGSTOP
    frame #0: 0x00007fff8b9768de libsystem_kernel.dylib`sync + 10
    frame #1: 0x0000000109be90a9 System.Native.dylib`SystemNative_Sync + 9
    frame #2: 0x000000010e3e8f86
    frame #3: 0x000000010e3e62ff
    frame #4: 0x000000010e3e44ab
    frame #5: 0x000000010e3e41b0
    frame #6: 0x000000010e3e3fd4
    frame #7: 0x000000010e3e2afe
    frame #8: 0x000000010e3e249f
    frame #9: 0x000000010e4818bb
    frame #10: 0x000000010e481696
    frame #11: 0x0000000107630cda libcoreclr.dylib`FastCallFinalizeWorker_End + 124
    frame #12: 0x000000010751f7d9 libcoreclr.dylib`CallDescrWorkerWithHandler(CallDescrData*, int) + 89
    frame #13: 0x00000001075d7f66 libcoreclr.dylib`CallDescrWorkerReflectionWrapper(CallDescrData*, Frame*) + 102
    frame #14: 0x00000001075d92a6 libcoreclr.dylib`RuntimeMethodHandle::InvokeMethod(Object*, PtrArray*, SignatureNative*, bool) + 4054
    frame #15: 0x000000010dc08d12
    frame #16: 0x000000010dc08c30
    frame #17: 0x000000010e3db620
    frame #18: 0x000000010e3db370
    frame #19: 0x000000010e3d9b7a
    frame #20: 0x000000010e3d9ac1
    frame #21: 0x000000010e3d960d
    frame #22: 0x000000010e3d9207
    frame #23: 0x000000010e3d8a1b
    frame #24: 0x000000010e3d89a4
    frame #25: 0x000000010e3d8712
    frame #26: 0x000000010e3d864b
    frame #27: 0x000000010e3d85d1
    frame #28: 0x000000010e3d7f15
    frame #29: 0x000000010e3d7cfa
    frame #30: 0x000000010e3d7831
    frame #31: 0x000000010e3d76ed
    frame #32: 0x000000010e3d5968
    frame #33: 0x000000010e3d4f4a
    frame #34: 0x000000010e3d4e91
    frame #35: 0x000000010e3d4dd9
    frame #36: 0x000000010e3d4b71
    frame #37: 0x000000010e3d4a9b
    frame #38: 0x000000010e3d4481
    frame #39: 0x000000010e3d34ef
    frame #40: 0x000000010e3d2c45
    frame #41: 0x000000010e3d2bbe
    frame #42: 0x000000010e3d28e0
    frame #43: 0x000000010e3d1dca
    frame #44: 0x000000010e3d1c91
    frame #45: 0x000000010e3d17cf
    frame #46: 0x000000010e3d093d
    frame #47: 0x000000010e3cecaa
    frame #48: 0x000000010e3cebf1
    frame #49: 0x000000010e3ceb39
    frame #50: 0x000000010e3cdb64
    frame #51: 0x000000010e3cd8ca
    frame #52: 0x000000010e3cd401
    frame #53: 0x000000010e3cd349
    frame #54: 0x000000010e3cb825
    frame #55: 0x000000010e3cb6ea
    frame #56: 0x000000010e3cb631
    frame #57: 0x000000010e3cb579
    frame #58: 0x000000010e3cafc5
    frame #59: 0x000000010e3ca97a
    frame #60: 0x000000010e3ca8c1
    frame #61: 0x000000010e3ca7fd
    frame #62: 0x000000010e3c67c1
    frame #63: 0x000000010e3c5f0a
    frame #64: 0x000000010e3c5a41
    frame #65: 0x000000010e3c597c
    frame #66: 0x000000010e3c3b39
    frame #67: 0x000000010e3c313a
    frame #68: 0x000000010e3c3081
    frame #69: 0x000000010e3c2fc9
    frame #70: 0x000000010e3c2356
    frame #71: 0x000000010e3c1b4a
    frame #72: 0x000000010e3c1a91
    frame #73: 0x000000010e3c19d9
    frame #74: 0x000000010e3bffa4
    frame #75: 0x000000010e3bf58a
    frame #76: 0x000000010e3bf4d1
    frame #77: 0x000000010e3bf3a9
    frame #78: 0x000000010dc7b67d
    frame #79: 0x000000010dc73cd6
    frame #80: 0x000000010dc149f1
    frame #81: 0x000000010dc74291
    frame #82: 0x000000010dc73ff8
    frame #83: 0x000000010e3be2ab
    frame #84: 0x000000010dc149f1
    frame #85: 0x000000010e2e6c82
    frame #86: 0x000000010e12d3a1
    frame #87: 0x000000010dc73cd6
    frame #88: 0x000000010dc149f1
    frame #89: 0x000000010dc74291
    frame #90: 0x000000010dc73ff8
    frame #91: 0x000000010dc149f1
    frame #92: 0x0000000107630cda libcoreclr.dylib`FastCallFinalizeWorker_End + 124
    frame #93: 0x00000001075200b5 libcoreclr.dylib`MethodDescCallSite::CallTargetWorker(unsigned long const*) + 853
    frame #94: 0x0000000107534662 libcoreclr.dylib`ThreadNative::KickOffThread_Worker(void*) + 466
    frame #95: 0x00000001074e000a libcoreclr.dylib`ManagedThreadBase_DispatchOuter(ManagedThreadCallState*) + 394
    frame #96: 0x00000001074e0679 libcoreclr.dylib`ManagedThreadBase::KickOff(ADID, void (*)(void*), void*) + 57
    frame #97: 0x00000001075347f1 libcoreclr.dylib`ThreadNative::KickOffThread(void*) + 209
    frame #98: 0x00000001072df3b8 libcoreclr.dylib`CorUnix::CPalThread::ThreadEntry(void*) + 328
    frame #99: 0x00007fff88ed6c13 libsystem_pthread.dylib`_pthread_body + 131
    frame #100: 0x00007fff88ed6b90 libsystem_pthread.dylib`_pthread_start + 168
    frame #101: 0x00007fff88ed4375 libsystem_pthread.dylib`thread_start + 13

  thread #14: tid = 0x000d, 0x00007fff8b974eb2 libsystem_kernel.dylib`__psynch_cvwait + 10, stop reason = signal SIGSTOP
    frame #0: 0x00007fff8b974eb2 libsystem_kernel.dylib`__psynch_cvwait + 10
    frame #1: 0x00007fff88ed7150 libsystem_pthread.dylib`_pthread_cond_wait + 767
    frame #2: 0x00000001072d4a92 libcoreclr.dylib`CorUnix::CPalSynchronizationManager::ThreadNativeWait(CorUnix::_ThreadNativeWaitData*, unsigned int, CorUnix::ThreadWakeupReason*, unsigned int*) + 322
    frame #3: 0x00000001072d4763 libcoreclr.dylib`CorUnix::CPalSynchronizationManager::BlockThread(CorUnix::CPalThread*, unsigned int, bool, bool, CorUnix::ThreadWakeupReason*, unsigned int*) + 515
    frame #4: 0x00000001072d9751 libcoreclr.dylib`CorUnix::InternalWaitForMultipleObjectsEx(CorUnix::CPalThread*, unsigned int, void* const*, int, unsigned int, int) + 1857
    frame #5: 0x00000001074da0ab libcoreclr.dylib`Thread::DoAppropriateWaitWorker(int, void**, int, unsigned int, WaitMode) + 539
    frame #6: 0x00000001074d4cd9 libcoreclr.dylib`Thread::DoAppropriateWait(int, void**, int, unsigned int, WaitMode, PendingSync*) + 73
    frame #7: 0x0000000107545737 libcoreclr.dylib`WaitHandleNative::CorWaitMultipleNative(Object*, int, bool, bool) + 375
    frame #8: 0x000000010dc157b5
    frame #9: 0x000000010e2e6c16
    frame #10: 0x000000010e12d3a1
    frame #11: 0x000000010dc73cd6
    frame #12: 0x000000010dc149f1
    frame #13: 0x000000010dc74291
    frame #14: 0x000000010dc73ff8
    frame #15: 0x000000010dc149f1
    frame #16: 0x0000000107630cda libcoreclr.dylib`FastCallFinalizeWorker_End + 124
    frame #17: 0x00000001075200b5 libcoreclr.dylib`MethodDescCallSite::CallTargetWorker(unsigned long const*) + 853
    frame #18: 0x0000000107534662 libcoreclr.dylib`ThreadNative::KickOffThread_Worker(void*) + 466
    frame #19: 0x00000001074e000a libcoreclr.dylib`ManagedThreadBase_DispatchOuter(ManagedThreadCallState*) + 394
    frame #20: 0x00000001074e0679 libcoreclr.dylib`ManagedThreadBase::KickOff(ADID, void (*)(void*), void*) + 57
    frame #21: 0x00000001075347f1 libcoreclr.dylib`ThreadNative::KickOffThread(void*) + 209
    frame #22: 0x00000001072df3b8 libcoreclr.dylib`CorUnix::CPalThread::ThreadEntry(void*) + 328
    frame #23: 0x00007fff88ed6c13 libsystem_pthread.dylib`_pthread_body + 131
    frame #24: 0x00007fff88ed6b90 libsystem_pthread.dylib`_pthread_start + 168
    frame #25: 0x00007fff88ed4375 libsystem_pthread.dylib`thread_start + 13

  thread #15: tid = 0x000e, 0x00007fff8b9768de libsystem_kernel.dylib`sync + 10, stop reason = signal SIGSTOP
    frame #0: 0x00007fff8b9768de libsystem_kernel.dylib`sync + 10
    frame #1: 0x0000000109be90a9 System.Native.dylib`SystemNative_Sync + 9
    frame #2: 0x000000010e3e8f86
    frame #3: 0x000000010e3e62ff
    frame #4: 0x000000010e3e44ab
    frame #5: 0x000000010e3e41b0
    frame #6: 0x000000010e3e3fd4
    frame #7: 0x000000010e3e2afe
    frame #8: 0x000000010e3e249f
    frame #9: 0x000000010e4818bb
    frame #10: 0x000000010e48fe74
    frame #11: 0x0000000107630cda libcoreclr.dylib`FastCallFinalizeWorker_End + 124
    frame #12: 0x000000010751f7d9 libcoreclr.dylib`CallDescrWorkerWithHandler(CallDescrData*, int) + 89
    frame #13: 0x00000001075d7f66 libcoreclr.dylib`CallDescrWorkerReflectionWrapper(CallDescrData*, Frame*) + 102
    frame #14: 0x00000001075d92a6 libcoreclr.dylib`RuntimeMethodHandle::InvokeMethod(Object*, PtrArray*, SignatureNative*, bool) + 4054
    frame #15: 0x000000010dc08d12
    frame #16: 0x000000010dc08c30
    frame #17: 0x000000010e3db620
    frame #18: 0x000000010e3db370
    frame #19: 0x000000010e3d9b7a
    frame #20: 0x000000010e3d9ac1
    frame #21: 0x000000010e3d960d
    frame #22: 0x000000010e3d9207
    frame #23: 0x000000010e3d8a1b
    frame #24: 0x000000010e3d89a4
    frame #25: 0x000000010e3d8712
    frame #26: 0x000000010e3d864b
    frame #27: 0x000000010e3d85d1
    frame #28: 0x000000010e3d7f15
    frame #29: 0x000000010e3d7cfa
    frame #30: 0x000000010e3d7831
    frame #31: 0x000000010e3d76ed
    frame #32: 0x000000010e3d5968
    frame #33: 0x000000010e3d4f4a
    frame #34: 0x000000010e3d4e91
    frame #35: 0x000000010e3d4dd9
    frame #36: 0x000000010e3d4b71
    frame #37: 0x000000010e3d4a9b
    frame #38: 0x000000010e3d4481
    frame #39: 0x000000010e3d34ef
    frame #40: 0x000000010e3d2c45
    frame #41: 0x000000010e3d2bbe
    frame #42: 0x000000010e3d28e0
    frame #43: 0x000000010e3d1dca
    frame #44: 0x000000010e3d1c91
    frame #45: 0x000000010e3d17cf
    frame #46: 0x000000010e3d093d
    frame #47: 0x000000010e3cecaa
    frame #48: 0x000000010e3cebf1
    frame #49: 0x000000010e3ceb39
    frame #50: 0x000000010e3cdb64
    frame #51: 0x000000010e3cd8ca
    frame #52: 0x000000010e3cd401
    frame #53: 0x000000010e3cd349
    frame #54: 0x000000010e3cb825
    frame #55: 0x000000010e3cb6ea
    frame #56: 0x000000010e3cb631
    frame #57: 0x000000010e3cb579
    frame #58: 0x000000010e3cafc5
    frame #59: 0x000000010e3ca97a
    frame #60: 0x000000010e3ca8c1
    frame #61: 0x000000010e3ca7fd
    frame #62: 0x000000010e3c67c1
    frame #63: 0x000000010e3c5f0a
    frame #64: 0x000000010e3c5a41
    frame #65: 0x000000010e3c597c
    frame #66: 0x000000010e3c3b39
    frame #67: 0x000000010e3c313a
    frame #68: 0x000000010e3c3081
    frame #69: 0x000000010e3c2fc9
    frame #70: 0x000000010e3c2356
    frame #71: 0x000000010e3c1b4a
    frame #72: 0x000000010e3c1a91
    frame #73: 0x000000010e3c19d9
    frame #74: 0x000000010e3bffa4
    frame #75: 0x000000010e3bf58a
    frame #76: 0x000000010e3bf4d1
    frame #77: 0x000000010e3bf3a9
    frame #78: 0x000000010dc7b67d
    frame #79: 0x000000010dc73cd6
    frame #80: 0x000000010dc149f1
    frame #81: 0x000000010dc74291
    frame #82: 0x000000010dc73ff8
    frame #83: 0x000000010e3be2ab
    frame #84: 0x000000010dc149f1
    frame #85: 0x000000010e2e6c82
    frame #86: 0x000000010e12d3a1
    frame #87: 0x000000010dc73cd6
    frame #88: 0x000000010dc149f1
    frame #89: 0x000000010dc74291
    frame #90: 0x000000010dc73ff8
    frame #91: 0x000000010dc149f1
    frame #92: 0x0000000107630cda libcoreclr.dylib`FastCallFinalizeWorker_End + 124
    frame #93: 0x00000001075200b5 libcoreclr.dylib`MethodDescCallSite::CallTargetWorker(unsigned long const*) + 853
    frame #94: 0x0000000107534662 libcoreclr.dylib`ThreadNative::KickOffThread_Worker(void*) + 466
    frame #95: 0x00000001074e000a libcoreclr.dylib`ManagedThreadBase_DispatchOuter(ManagedThreadCallState*) + 394
    frame #96: 0x00000001074e0679 libcoreclr.dylib`ManagedThreadBase::KickOff(ADID, void (*)(void*), void*) + 57
    frame #97: 0x00000001075347f1 libcoreclr.dylib`ThreadNative::KickOffThread(void*) + 209
    frame #98: 0x00000001072df3b8 libcoreclr.dylib`CorUnix::CPalThread::ThreadEntry(void*) + 328
    frame #99: 0x00007fff88ed6c13 libsystem_pthread.dylib`_pthread_body + 131
    frame #100: 0x00007fff88ed6b90 libsystem_pthread.dylib`_pthread_start + 168
    frame #101: 0x00007fff88ed4375 libsystem_pthread.dylib`thread_start + 13

  thread #16: tid = 0x000f, 0x00007fff8b974eb2 libsystem_kernel.dylib`__psynch_cvwait + 10, stop reason = signal SIGSTOP
    frame #0: 0x00007fff8b974eb2 libsystem_kernel.dylib`__psynch_cvwait + 10
    frame #1: 0x00007fff88ed7150 libsystem_pthread.dylib`_pthread_cond_wait + 767
    frame #2: 0x00000001072d4a92 libcoreclr.dylib`CorUnix::CPalSynchronizationManager::ThreadNativeWait(CorUnix::_ThreadNativeWaitData*, unsigned int, CorUnix::ThreadWakeupReason*, unsigned int*) + 322
    frame #3: 0x00000001072d4763 libcoreclr.dylib`CorUnix::CPalSynchronizationManager::BlockThread(CorUnix::CPalThread*, unsigned int, bool, bool, CorUnix::ThreadWakeupReason*, unsigned int*) + 515
    frame #4: 0x00000001072d9751 libcoreclr.dylib`CorUnix::InternalWaitForMultipleObjectsEx(CorUnix::CPalThread*, unsigned int, void* const*, int, unsigned int, int) + 1857
    frame #5: 0x00000001074da0ab libcoreclr.dylib`Thread::DoAppropriateWaitWorker(int, void**, int, unsigned int, WaitMode) + 539
    frame #6: 0x00000001074d4cd9 libcoreclr.dylib`Thread::DoAppropriateWait(int, void**, int, unsigned int, WaitMode, PendingSync*) + 73
    frame #7: 0x0000000107545737 libcoreclr.dylib`WaitHandleNative::CorWaitMultipleNative(Object*, int, bool, bool) + 375
    frame #8: 0x000000010dc157b5
    frame #9: 0x000000010e2e6c16
    frame #10: 0x000000010e12d3a1
    frame #11: 0x000000010dc73cd6
    frame #12: 0x000000010dc149f1
    frame #13: 0x000000010dc74291
    frame #14: 0x000000010dc73ff8
    frame #15: 0x000000010dc149f1
    frame #16: 0x0000000107630cda libcoreclr.dylib`FastCallFinalizeWorker_End + 124
    frame #17: 0x00000001075200b5 libcoreclr.dylib`MethodDescCallSite::CallTargetWorker(unsigned long const*) + 853
    frame #18: 0x0000000107534662 libcoreclr.dylib`ThreadNative::KickOffThread_Worker(void*) + 466
    frame #19: 0x00000001074e000a libcoreclr.dylib`ManagedThreadBase_DispatchOuter(ManagedThreadCallState*) + 394
    frame #20: 0x00000001074e0679 libcoreclr.dylib`ManagedThreadBase::KickOff(ADID, void (*)(void*), void*) + 57
    frame #21: 0x00000001075347f1 libcoreclr.dylib`ThreadNative::KickOffThread(void*) + 209
    frame #22: 0x00000001072df3b8 libcoreclr.dylib`CorUnix::CPalThread::ThreadEntry(void*) + 328
    frame #23: 0x00007fff88ed6c13 libsystem_pthread.dylib`_pthread_body + 131
    frame #24: 0x00007fff88ed6b90 libsystem_pthread.dylib`_pthread_start + 168
    frame #25: 0x00007fff88ed4375 libsystem_pthread.dylib`thread_start + 13

  thread #17: tid = 0x0010, 0x00007fff8b974eb2 libsystem_kernel.dylib`__psynch_cvwait + 10, stop reason = signal SIGSTOP
    frame #0: 0x00007fff8b974eb2 libsystem_kernel.dylib`__psynch_cvwait + 10
    frame #1: 0x00007fff88ed7150 libsystem_pthread.dylib`_pthread_cond_wait + 767
    frame #2: 0x00000001072d4a92 libcoreclr.dylib`CorUnix::CPalSynchronizationManager::ThreadNativeWait(CorUnix::_ThreadNativeWaitData*, unsigned int, CorUnix::ThreadWakeupReason*, unsigned int*) + 322
    frame #3: 0x00000001072d4763 libcoreclr.dylib`CorUnix::CPalSynchronizationManager::BlockThread(CorUnix::CPalThread*, unsigned int, bool, bool, CorUnix::ThreadWakeupReason*, unsigned int*) + 515
    frame #4: 0x00000001072d9751 libcoreclr.dylib`CorUnix::InternalWaitForMultipleObjectsEx(CorUnix::CPalThread*, unsigned int, void* const*, int, unsigned int, int) + 1857
    frame #5: 0x00000001074da0ab libcoreclr.dylib`Thread::DoAppropriateWaitWorker(int, void**, int, unsigned int, WaitMode) + 539
    frame #6: 0x00000001074d4cd9 libcoreclr.dylib`Thread::DoAppropriateWait(int, void**, int, unsigned int, WaitMode, PendingSync*) + 73
    frame #7: 0x0000000107545737 libcoreclr.dylib`WaitHandleNative::CorWaitMultipleNative(Object*, int, bool, bool) + 375
    frame #8: 0x000000010dc157b5
    frame #9: 0x000000010e2e6c16
    frame #10: 0x000000010e12d3a1
    frame #11: 0x000000010dc73cd6
    frame #12: 0x000000010dc149f1
    frame #13: 0x000000010dc74291
    frame #14: 0x000000010dc73ff8
    frame #15: 0x000000010dc149f1
    frame #16: 0x0000000107630cda libcoreclr.dylib`FastCallFinalizeWorker_End + 124
    frame #17: 0x00000001075200b5 libcoreclr.dylib`MethodDescCallSite::CallTargetWorker(unsigned long const*) + 853
    frame #18: 0x0000000107534662 libcoreclr.dylib`ThreadNative::KickOffThread_Worker(void*) + 466
    frame #19: 0x00000001074e000a libcoreclr.dylib`ManagedThreadBase_DispatchOuter(ManagedThreadCallState*) + 394
    frame #20: 0x00000001074e0679 libcoreclr.dylib`ManagedThreadBase::KickOff(ADID, void (*)(void*), void*) + 57
    frame #21: 0x00000001075347f1 libcoreclr.dylib`ThreadNative::KickOffThread(void*) + 209
    frame #22: 0x00000001072df3b8 libcoreclr.dylib`CorUnix::CPalThread::ThreadEntry(void*) + 328
    frame #23: 0x00007fff88ed6c13 libsystem_pthread.dylib`_pthread_body + 131
    frame #24: 0x00007fff88ed6b90 libsystem_pthread.dylib`_pthread_start + 168
    frame #25: 0x00007fff88ed4375 libsystem_pthread.dylib`thread_start + 13

  thread #18: tid = 0x0011, 0x00007fff8b9768de libsystem_kernel.dylib`sync + 10, stop reason = signal SIGSTOP
    frame #0: 0x00007fff8b9768de libsystem_kernel.dylib`sync + 10
    frame #1: 0x0000000109be90a9 System.Native.dylib`SystemNative_Sync + 9
    frame #2: 0x000000010e3e8f86
    frame #3: 0x000000010e3e62ff
    frame #4: 0x000000010e3e44ab
    frame #5: 0x000000010e3e41b0
    frame #6: 0x000000010e3e3fd4
    frame #7: 0x000000010e3e2afe
    frame #8: 0x000000010e3e249f
    frame #9: 0x000000010e3e07f4
    frame #10: 0x000000010e48ea38
    frame #11: 0x0000000107630cda libcoreclr.dylib`FastCallFinalizeWorker_End + 124
    frame #12: 0x000000010751f7d9 libcoreclr.dylib`CallDescrWorkerWithHandler(CallDescrData*, int) + 89
    frame #13: 0x00000001075d7f66 libcoreclr.dylib`CallDescrWorkerReflectionWrapper(CallDescrData*, Frame*) + 102
    frame #14: 0x00000001075d92a6 libcoreclr.dylib`RuntimeMethodHandle::InvokeMethod(Object*, PtrArray*, SignatureNative*, bool) + 4054
    frame #15: 0x000000010dc08d7a
    frame #16: 0x000000010dc08c30
    frame #17: 0x000000010e3db620
    frame #18: 0x000000010e3db370
    frame #19: 0x000000010e3d9b7a
    frame #20: 0x000000010e3d9ac1
    frame #21: 0x000000010e3d960d
    frame #22: 0x000000010e3d9207
    frame #23: 0x000000010e3d8a1b
    frame #24: 0x000000010e3d89a4
    frame #25: 0x000000010e3d8712
    frame #26: 0x000000010e3d864b
    frame #27: 0x000000010e3d85d1
    frame #28: 0x000000010e3d7f15
    frame #29: 0x000000010e3d7cfa
    frame #30: 0x000000010e3d7831
    frame #31: 0x000000010e3d76ed
    frame #32: 0x000000010e3d5968
    frame #33: 0x000000010e3d4f4a
    frame #34: 0x000000010e3d4e91
    frame #35: 0x000000010e3d4dd9
    frame #36: 0x000000010e3d4b71
    frame #37: 0x000000010e3d4a9b
    frame #38: 0x000000010e3d4481
    frame #39: 0x000000010e3d34ef
    frame #40: 0x000000010e3d2c45
    frame #41: 0x000000010e3d2bbe
    frame #42: 0x000000010e3d28e0
    frame #43: 0x000000010e3d1dca
    frame #44: 0x000000010e3d1c91
    frame #45: 0x000000010e3d17cf
    frame #46: 0x000000010e3d093d
    frame #47: 0x000000010e3cecaa
    frame #48: 0x000000010e3cebf1
    frame #49: 0x000000010e3ceb39
    frame #50: 0x000000010e3d4600
    frame #51: 0x000000010e3d3ff5
    frame #52: 0x000000010e3d3986
    frame #53: 0x000000010e3cdb64
    frame #54: 0x000000010e3cd8ca
    frame #55: 0x000000010e3cd401
    frame #56: 0x000000010e3cd349
    frame #57: 0x000000010e3cb825
    frame #58: 0x000000010e3cb6ea
    frame #59: 0x000000010e3cb631
    frame #60: 0x000000010e3cb579
    frame #61: 0x000000010e3cafc5
    frame #62: 0x000000010e3ca97a
    frame #63: 0x000000010e3ca8c1
    frame #64: 0x000000010e3ca7fd
    frame #65: 0x000000010e3c67c1
    frame #66: 0x000000010e3c5f0a
    frame #67: 0x000000010e3c5a41
    frame #68: 0x000000010e3c597c
    frame #69: 0x000000010e3c3b39
    frame #70: 0x000000010e3c313a
    frame #71: 0x000000010e3c3081
    frame #72: 0x000000010e3c2fc9
    frame #73: 0x000000010e3c2356
    frame #74: 0x000000010e3c1b4a
    frame #75: 0x000000010e3c1a91
    frame #76: 0x000000010e3c19d9
    frame #77: 0x000000010e3bffa4
    frame #78: 0x000000010e3bf58a
    frame #79: 0x000000010e3bf4d1
    frame #80: 0x000000010e3bf3a9
    frame #81: 0x000000010dc7b67d
    frame #82: 0x000000010dc73cd6
    frame #83: 0x000000010dc149f1
    frame #84: 0x000000010dc74291
    frame #85: 0x000000010dc73ff8
    frame #86: 0x000000010e3be2ab
    frame #87: 0x000000010dc149f1
    frame #88: 0x000000010e2e6c82
    frame #89: 0x000000010e12d3a1
    frame #90: 0x000000010dc73cd6
    frame #91: 0x000000010dc149f1
    frame #92: 0x000000010dc74291
    frame #93: 0x000000010dc73ff8
    frame #94: 0x000000010dc149f1
    frame #95: 0x0000000107630cda libcoreclr.dylib`FastCallFinalizeWorker_End + 124
    frame #96: 0x00000001075200b5 libcoreclr.dylib`MethodDescCallSite::CallTargetWorker(unsigned long const*) + 853
    frame #97: 0x0000000107534662 libcoreclr.dylib`ThreadNative::KickOffThread_Worker(void*) + 466
    frame #98: 0x00000001074e000a libcoreclr.dylib`ManagedThreadBase_DispatchOuter(ManagedThreadCallState*) + 394
    frame #99: 0x00000001074e0679 libcoreclr.dylib`ManagedThreadBase::KickOff(ADID, void (*)(void*), void*) + 57
    frame #100: 0x00000001075347f1 libcoreclr.dylib`ThreadNative::KickOffThread(void*) + 209
    frame #101: 0x00000001072df3b8 libcoreclr.dylib`CorUnix::CPalThread::ThreadEntry(void*) + 328
    frame #102: 0x00007fff88ed6c13 libsystem_pthread.dylib`_pthread_body + 131
    frame #103: 0x00007fff88ed6b90 libsystem_pthread.dylib`_pthread_start + 168
    frame #104: 0x00007fff88ed4375 libsystem_pthread.dylib`thread_start + 13

  thread #19: tid = 0x0012, 0x00007fff95d832ef CoreFoundation`CFRunLoopWakeUp + 79, stop reason = signal SIGSTOP
    frame #0: 0x00007fff95d832ef CoreFoundation`CFRunLoopWakeUp + 79
    frame #1: 0x000000010e3f81cd
    frame #2: 0x000000010e3f810b
    frame #3: 0x000000010e3f8094
    frame #4: 0x000000010dc149f1
    frame #5: 0x000000010dcb3497
    frame #6: 0x000000010dcb2a92
    frame #7: 0x000000010e3f7fff
    frame #8: 0x000000010e3e3fe3
    frame #9: 0x000000010e3e2f34
    frame #10: 0x000000010e3e249f
    frame #11: 0x000000010e3e07f4
    frame #12: 0x000000010e495055
    frame #13: 0x0000000107630cda libcoreclr.dylib`FastCallFinalizeWorker_End + 124
    frame #14: 0x000000010751f7d9 libcoreclr.dylib`CallDescrWorkerWithHandler(CallDescrData*, int) + 89
    frame #15: 0x00000001075d7f66 libcoreclr.dylib`CallDescrWorkerReflectionWrapper(CallDescrData*, Frame*) + 102
    frame #16: 0x00000001075d92a6 libcoreclr.dylib`RuntimeMethodHandle::InvokeMethod(Object*, PtrArray*, SignatureNative*, bool) + 4054
    frame #17: 0x000000010dc08d7a
    frame #18: 0x000000010dc08c30
    frame #19: 0x000000010e3db620
    frame #20: 0x000000010e3db370
    frame #21: 0x000000010e3d9b7a
    frame #22: 0x000000010e3d9ac1
    frame #23: 0x000000010e3d960d
    frame #24: 0x000000010e3d9207
    frame #25: 0x000000010e3d8a1b
    frame #26: 0x000000010e3d89a4
    frame #27: 0x000000010e3d8712
    frame #28: 0x000000010e3d864b
    frame #29: 0x000000010e3d85d1
    frame #30: 0x000000010e3d7f15
    frame #31: 0x000000010e3d7cfa
    frame #32: 0x000000010e3d7831
    frame #33: 0x000000010e3d76ed
    frame #34: 0x000000010e3d5968
    frame #35: 0x000000010e3d4f4a
    frame #36: 0x000000010e3d4e91
    frame #37: 0x000000010e3d4dd9
    frame #38: 0x000000010e3d4b71
    frame #39: 0x000000010e3d4a9b
    frame #40: 0x000000010e3d4481
    frame #41: 0x000000010e3d34ef
    frame #42: 0x000000010e3d2c45
    frame #43: 0x000000010e3d2bbe
    frame #44: 0x000000010e3d28e0
    frame #45: 0x000000010e3d1dca
    frame #46: 0x000000010e3d1c91
    frame #47: 0x000000010e3d17cf
    frame #48: 0x000000010e3d093d
    frame #49: 0x000000010e3cecaa
    frame #50: 0x000000010e3cebf1
    frame #51: 0x000000010e3ceb39
    frame #52: 0x000000010e3d4600
    frame #53: 0x000000010e3d3ff5
    frame #54: 0x000000010e3d3986
    frame #55: 0x000000010e3cdb64
    frame #56: 0x000000010e3cd8ca
    frame #57: 0x000000010e3cd401
    frame #58: 0x000000010e3cd349
    frame #59: 0x000000010e3cb825
    frame #60: 0x000000010e3cb6ea
    frame #61: 0x000000010e3cb631
    frame #62: 0x000000010e3cb579
    frame #63: 0x000000010e3cafc5
    frame #64: 0x000000010e3ca97a
    frame #65: 0x000000010e3ca8c1
    frame #66: 0x000000010e3ca7fd
    frame #67: 0x000000010e3c67c1
    frame #68: 0x000000010e3c5f0a
    frame #69: 0x000000010e3c5a41
    frame #70: 0x000000010e3c597c
    frame #71: 0x000000010e3c3b39
    frame #72: 0x000000010e3c313a
    frame #73: 0x000000010e3c3081
    frame #74: 0x000000010e3c2fc9
    frame #75: 0x000000010e3c2356
    frame #76: 0x000000010e3c1b4a
    frame #77: 0x000000010e3c1a91
    frame #78: 0x000000010e3c19d9
    frame #79: 0x000000010e3bffa4
    frame #80: 0x000000010e3bf58a
    frame #81: 0x000000010e3bf4d1
    frame #82: 0x000000010e3bf3a9
    frame #83: 0x000000010dc7b67d
    frame #84: 0x000000010dc73cd6
    frame #85: 0x000000010dc149f1
    frame #86: 0x000000010dc74291
    frame #87: 0x000000010dc73ff8
    frame #88: 0x000000010e3be2ab
    frame #89: 0x000000010dc149f1
    frame #90: 0x000000010e2e6c82
    frame #91: 0x000000010e12d3a1
    frame #92: 0x000000010dc73cd6
    frame #93: 0x000000010dc149f1
    frame #94: 0x000000010dc74291
    frame #95: 0x000000010dc73ff8
    frame #96: 0x000000010dc149f1
    frame #97: 0x0000000107630cda libcoreclr.dylib`FastCallFinalizeWorker_End + 124
    frame #98: 0x00000001075200b5 libcoreclr.dylib`MethodDescCallSite::CallTargetWorker(unsigned long const*) + 853
    frame #99: 0x0000000107534662 libcoreclr.dylib`ThreadNative::KickOffThread_Worker(void*) + 466
    frame #100: 0x00000001074e000a libcoreclr.dylib`ManagedThreadBase_DispatchOuter(ManagedThreadCallState*) + 394
    frame #101: 0x00000001074e0679 libcoreclr.dylib`ManagedThreadBase::KickOff(ADID, void (*)(void*), void*) + 57
    frame #102: 0x00000001075347f1 libcoreclr.dylib`ThreadNative::KickOffThread(void*) + 209
    frame #103: 0x00000001072df3b8 libcoreclr.dylib`CorUnix::CPalThread::ThreadEntry(void*) + 328
    frame #104: 0x00007fff88ed6c13 libsystem_pthread.dylib`_pthread_body + 131
    frame #105: 0x00007fff88ed6b90 libsystem_pthread.dylib`_pthread_start + 168
    frame #106: 0x00007fff88ed4375 libsystem_pthread.dylib`thread_start + 13

  thread #20: tid = 0x0013, 0x00007fff8b974eb2 libsystem_kernel.dylib`__psynch_cvwait + 10, stop reason = signal SIGSTOP
    frame #0: 0x00007fff8b974eb2 libsystem_kernel.dylib`__psynch_cvwait + 10
    frame #1: 0x00007fff88ed7150 libsystem_pthread.dylib`_pthread_cond_wait + 767
    frame #2: 0x00000001072d4a92 libcoreclr.dylib`CorUnix::CPalSynchronizationManager::ThreadNativeWait(CorUnix::_ThreadNativeWaitData*, unsigned int, CorUnix::ThreadWakeupReason*, unsigned int*) + 322
    frame #3: 0x00000001072d4763 libcoreclr.dylib`CorUnix::CPalSynchronizationManager::BlockThread(CorUnix::CPalThread*, unsigned int, bool, bool, CorUnix::ThreadWakeupReason*, unsigned int*) + 515
    frame #4: 0x00000001072d9751 libcoreclr.dylib`CorUnix::InternalWaitForMultipleObjectsEx(CorUnix::CPalThread*, unsigned int, void* const*, int, unsigned int, int) + 1857
    frame #5: 0x00000001074da0ab libcoreclr.dylib`Thread::DoAppropriateWaitWorker(int, void**, int, unsigned int, WaitMode) + 539
    frame #6: 0x00000001074d4cd9 libcoreclr.dylib`Thread::DoAppropriateWait(int, void**, int, unsigned int, WaitMode, PendingSync*) + 73
    frame #7: 0x0000000107545737 libcoreclr.dylib`WaitHandleNative::CorWaitMultipleNative(Object*, int, bool, bool) + 375
    frame #8: 0x000000010dc157b5
    frame #9: 0x000000010e2e6c16
    frame #10: 0x000000010e12d3a1
    frame #11: 0x000000010dc73cd6
    frame #12: 0x000000010dc149f1
    frame #13: 0x000000010dc74291
    frame #14: 0x000000010dc73ff8
    frame #15: 0x000000010dc149f1
    frame #16: 0x0000000107630cda libcoreclr.dylib`FastCallFinalizeWorker_End + 124
    frame #17: 0x00000001075200b5 libcoreclr.dylib`MethodDescCallSite::CallTargetWorker(unsigned long const*) + 853
    frame #18: 0x0000000107534662 libcoreclr.dylib`ThreadNative::KickOffThread_Worker(void*) + 466
    frame #19: 0x00000001074e000a libcoreclr.dylib`ManagedThreadBase_DispatchOuter(ManagedThreadCallState*) + 394
    frame #20: 0x00000001074e0679 libcoreclr.dylib`ManagedThreadBase::KickOff(ADID, void (*)(void*), void*) + 57
    frame #21: 0x00000001075347f1 libcoreclr.dylib`ThreadNative::KickOffThread(void*) + 209
    frame #22: 0x00000001072df3b8 libcoreclr.dylib`CorUnix::CPalThread::ThreadEntry(void*) + 328
    frame #23: 0x00007fff88ed6c13 libsystem_pthread.dylib`_pthread_body + 131
    frame #24: 0x00007fff88ed6b90 libsystem_pthread.dylib`_pthread_start + 168
    frame #25: 0x00007fff88ed4375 libsystem_pthread.dylib`thread_start + 13

  thread #21: tid = 0x0014, 0x00007fff8b975ff6 libsystem_kernel.dylib`kevent_qos + 10, stop reason = signal SIGSTOP
    frame #0: 0x00007fff8b975ff6 libsystem_kernel.dylib`kevent_qos + 10
    frame #1: 0x00007fff9324f099 libdispatch.dylib`_dispatch_mgr_invoke + 216
    frame #2: 0x00007fff9324ed01 libdispatch.dylib`_dispatch_mgr_thread + 52

  thread #22: tid = 0x0015, 0x00007fff88ed4358 libsystem_pthread.dylib`start_wqthread, stop reason = signal SIGSTOP
    frame #0: 0x00007fff88ed4358 libsystem_pthread.dylib`start_wqthread

  thread #23: tid = 0x0016, 0x00007fff8b9756de libsystem_kernel.dylib`__workq_kernreturn + 10, stop reason = signal SIGSTOP
    frame #0: 0x00007fff8b9756de libsystem_kernel.dylib`__workq_kernreturn + 10
    frame #1: 0x00007fff88ed6729 libsystem_pthread.dylib`_pthread_wqthread + 1283
    frame #2: 0x00007fff88ed4365 libsystem_pthread.dylib`start_wqthread + 13

  thread #24: tid = 0x0017, 0x00007fff8b9756de libsystem_kernel.dylib`__workq_kernreturn + 10, stop reason = signal SIGSTOP
    frame #0: 0x00007fff8b9756de libsystem_kernel.dylib`__workq_kernreturn + 10
    frame #1: 0x00007fff88ed6729 libsystem_pthread.dylib`_pthread_wqthread + 1283
    frame #2: 0x00007fff88ed4365 libsystem_pthread.dylib`start_wqthread + 13

  thread #25: tid = 0x0018, 0x00007fff8b9756de libsystem_kernel.dylib`__workq_kernreturn + 10, stop reason = signal SIGSTOP
    frame #0: 0x00007fff8b9756de libsystem_kernel.dylib`__workq_kernreturn + 10
    frame #1: 0x00007fff88ed6729 libsystem_pthread.dylib`_pthread_wqthread + 1283
    frame #2: 0x00007fff88ed4365 libsystem_pthread.dylib`start_wqthread + 13

  thread #26: tid = 0x0019, 0x00007fff8b9756de libsystem_kernel.dylib`__workq_kernreturn + 10, stop reason = signal SIGSTOP
    frame #0: 0x00007fff8b9756de libsystem_kernel.dylib`__workq_kernreturn + 10
    frame #1: 0x00007fff88ed6729 libsystem_pthread.dylib`_pthread_wqthread + 1283
    frame #2: 0x00007fff88ed4365 libsystem_pthread.dylib`start_wqthread + 13

  thread #27: tid = 0x001a, 0x00007fff8b9756de libsystem_kernel.dylib`__workq_kernreturn + 10, stop reason = signal SIGSTOP
    frame #0: 0x00007fff8b9756de libsystem_kernel.dylib`__workq_kernreturn + 10
    frame #1: 0x00007fff88ed6729 libsystem_pthread.dylib`_pthread_wqthread + 1283
    frame #2: 0x00007fff88ed4365 libsystem_pthread.dylib`start_wqthread + 13

  thread #28: tid = 0x001b, 0x00007fff8b974eb2 libsystem_kernel.dylib`__psynch_cvwait + 10, stop reason = signal SIGSTOP
    frame #0: 0x00007fff8b974eb2 libsystem_kernel.dylib`__psynch_cvwait + 10
    frame #1: 0x00007fff88ed7150 libsystem_pthread.dylib`_pthread_cond_wait + 767
    frame #2: 0x00000001072d4a65 libcoreclr.dylib`CorUnix::CPalSynchronizationManager::ThreadNativeWait(CorUnix::_ThreadNativeWaitData*, unsigned int, CorUnix::ThreadWakeupReason*, unsigned int*) + 277
    frame #3: 0x00000001072d4763 libcoreclr.dylib`CorUnix::CPalSynchronizationManager::BlockThread(CorUnix::CPalThread*, unsigned int, bool, bool, CorUnix::ThreadWakeupReason*, unsigned int*) + 515
    frame #4: 0x00000001072d9751 libcoreclr.dylib`CorUnix::InternalWaitForMultipleObjectsEx(CorUnix::CPalThread*, unsigned int, void* const*, int, unsigned int, int) + 1857
    frame #5: 0x00000001072d99a6 libcoreclr.dylib`WaitForSingleObjectEx + 70
    frame #6: 0x000000010760d0dc libcoreclr.dylib`CLRSemaphore::Wait(unsigned int, int) + 172
    frame #7: 0x000000010750325d libcoreclr.dylib`ThreadpoolMgr::UnfairSemaphore::Wait(unsigned int) + 429
    frame #8: 0x00000001074ff69b libcoreclr.dylib`ThreadpoolMgr::WorkerThreadStart(void*) + 715
    frame #9: 0x00000001072df3b8 libcoreclr.dylib`CorUnix::CPalThread::ThreadEntry(void*) + 328
    frame #10: 0x00007fff88ed6c13 libsystem_pthread.dylib`_pthread_body + 131
    frame #11: 0x00007fff88ed6b90 libsystem_pthread.dylib`_pthread_start + 168
    frame #12: 0x00007fff88ed4375 libsystem_pthread.dylib`thread_start + 13

  thread #29: tid = 0x001c, 0x00007fff8b9756de libsystem_kernel.dylib`__workq_kernreturn + 10, stop reason = signal SIGSTOP
    frame #0: 0x00007fff8b9756de libsystem_kernel.dylib`__workq_kernreturn + 10
    frame #1: 0x00007fff88ed6729 libsystem_pthread.dylib`_pthread_wqthread + 1283
    frame #2: 0x00007fff88ed4365 libsystem_pthread.dylib`start_wqthread + 13

  thread #30: tid = 0x001d, 0x00007fff8b9756de libsystem_kernel.dylib`__workq_kernreturn + 10, stop reason = signal SIGSTOP
    frame #0: 0x00007fff8b9756de libsystem_kernel.dylib`__workq_kernreturn + 10
    frame #1: 0x00007fff88ed6729 libsystem_pthread.dylib`_pthread_wqthread + 1283
    frame #2: 0x00007fff88ed4365 libsystem_pthread.dylib`start_wqthread + 13

  thread #31: tid = 0x001e, 0x00007fff8b9756de libsystem_kernel.dylib`__workq_kernreturn + 10, stop reason = signal SIGSTOP
    frame #0: 0x00007fff8b9756de libsystem_kernel.dylib`__workq_kernreturn + 10
    frame #1: 0x00007fff88ed6729 libsystem_pthread.dylib`_pthread_wqthread + 1283
    frame #2: 0x00007fff88ed4365 libsystem_pthread.dylib`start_wqthread + 13

  thread #32: tid = 0x001f, 0x00007fff8b9756de libsystem_kernel.dylib`__workq_kernreturn + 10, stop reason = signal SIGSTOP
    frame #0: 0x00007fff8b9756de libsystem_kernel.dylib`__workq_kernreturn + 10
    frame #1: 0x00007fff88ed6729 libsystem_pthread.dylib`_pthread_wqthread + 1283
    frame #2: 0x00007fff88ed4365 libsystem_pthread.dylib`start_wqthread + 13

  thread #33: tid = 0x0020, 0x00007fff8b9756de libsystem_kernel.dylib`__workq_kernreturn + 10, stop reason = signal SIGSTOP
    frame #0: 0x00007fff8b9756de libsystem_kernel.dylib`__workq_kernreturn + 10
    frame #1: 0x00007fff88ed6729 libsystem_pthread.dylib`_pthread_wqthread + 1283
    frame #2: 0x00007fff88ed4365 libsystem_pthread.dylib`start_wqthread + 13

  thread #34: tid = 0x0021, 0x00007fff8b9756de libsystem_kernel.dylib`__workq_kernreturn + 10, stop reason = signal SIGSTOP
    frame #0: 0x00007fff8b9756de libsystem_kernel.dylib`__workq_kernreturn + 10
    frame #1: 0x00007fff88ed6729 libsystem_pthread.dylib`_pthread_wqthread + 1283
    frame #2: 0x00007fff88ed4365 libsystem_pthread.dylib`start_wqthread + 13

  thread #35: tid = 0x0022, 0x00007fff8b9756de libsystem_kernel.dylib`__workq_kernreturn + 10, stop reason = signal SIGSTOP
    frame #0: 0x00007fff8b9756de libsystem_kernel.dylib`__workq_kernreturn + 10
    frame #1: 0x00007fff88ed6729 libsystem_pthread.dylib`_pthread_wqthread + 1283
    frame #2: 0x00007fff88ed4365 libsystem_pthread.dylib`start_wqthread + 13

  thread #36: tid = 0x0023, 0x00007fff8b9756de libsystem_kernel.dylib`__workq_kernreturn + 10, stop reason = signal SIGSTOP
    frame #0: 0x00007fff8b9756de libsystem_kernel.dylib`__workq_kernreturn + 10
    frame #1: 0x00007fff88ed6729 libsystem_pthread.dylib`_pthread_wqthread + 1283
    frame #2: 0x00007fff88ed4365 libsystem_pthread.dylib`start_wqthread + 13

  thread #37: tid = 0x0024, 0x00007fff8b9756de libsystem_kernel.dylib`__workq_kernreturn + 10, stop reason = signal SIGSTOP
    frame #0: 0x00007fff8b9756de libsystem_kernel.dylib`__workq_kernreturn + 10
    frame #1: 0x00007fff88ed6729 libsystem_pthread.dylib`_pthread_wqthread + 1283
    frame #2: 0x00007fff88ed4365 libsystem_pthread.dylib`start_wqthread + 13

  thread #38: tid = 0x0025, 0x00007fff8b9756de libsystem_kernel.dylib`__workq_kernreturn + 10, stop reason = signal SIGSTOP
    frame #0: 0x00007fff8b9756de libsystem_kernel.dylib`__workq_kernreturn + 10
    frame #1: 0x00007fff88ed6729 libsystem_pthread.dylib`_pthread_wqthread + 1283
    frame #2: 0x00007fff88ed4365 libsystem_pthread.dylib`start_wqthread + 13

  thread #39: tid = 0x0026, 0x00007fff8b9756de libsystem_kernel.dylib`__workq_kernreturn + 10, stop reason = signal SIGSTOP
    frame #0: 0x00007fff8b9756de libsystem_kernel.dylib`__workq_kernreturn + 10
    frame #1: 0x00007fff88ed6729 libsystem_pthread.dylib`_pthread_wqthread + 1283
    frame #2: 0x00007fff88ed4365 libsystem_pthread.dylib`start_wqthread + 13

  thread #40: tid = 0x0027, 0x00007fff8b9756de libsystem_kernel.dylib`__workq_kernreturn + 10, stop reason = signal SIGSTOP
    frame #0: 0x00007fff8b9756de libsystem_kernel.dylib`__workq_kernreturn + 10
    frame #1: 0x00007fff88ed6729 libsystem_pthread.dylib`_pthread_wqthread + 1283
    frame #2: 0x00007fff88ed4365 libsystem_pthread.dylib`start_wqthread + 13

  thread #41: tid = 0x0028, 0x00007fff8b9756de libsystem_kernel.dylib`__workq_kernreturn + 10, stop reason = signal SIGSTOP
    frame #0: 0x00007fff8b9756de libsystem_kernel.dylib`__workq_kernreturn + 10
    frame #1: 0x00007fff88ed6729 libsystem_pthread.dylib`_pthread_wqthread + 1283
    frame #2: 0x00007fff88ed4365 libsystem_pthread.dylib`start_wqthread + 13

  thread #42: tid = 0x0029, 0x00007fff8b9756de libsystem_kernel.dylib`__workq_kernreturn + 10, stop reason = signal SIGSTOP
    frame #0: 0x00007fff8b9756de libsystem_kernel.dylib`__workq_kernreturn + 10
    frame #1: 0x00007fff88ed6729 libsystem_pthread.dylib`_pthread_wqthread + 1283
    frame #2: 0x00007fff88ed4365 libsystem_pthread.dylib`start_wqthread + 13

  thread #43: tid = 0x002a, 0x00007fff8b96f3c2 libsystem_kernel.dylib`semaphore_wait_trap + 10, stop reason = signal SIGSTOP
    frame #0: 0x00007fff8b96f3c2 libsystem_kernel.dylib`semaphore_wait_trap + 10
    frame #1: 0x00007fff93254be6 libdispatch.dylib`_dispatch_semaphore_wait_slow + 224
    frame #2: 0x00007fff95db538e CoreFoundation`____CFMachPortDeallocate_block_invoke + 30
    frame #3: 0x00007fff93254871 libdispatch.dylib`_dispatch_call_block_and_release + 12
    frame #4: 0x00007fff9324933f libdispatch.dylib`_dispatch_client_callout + 8
    frame #5: 0x00007fff9324d1cf libdispatch.dylib`_dispatch_root_queue_drain + 1890
    frame #6: 0x00007fff9324ca34 libdispatch.dylib`_dispatch_worker_thread3 + 91
    frame #7: 0x00007fff88ed668f libsystem_pthread.dylib`_pthread_wqthread + 1129
    frame #8: 0x00007fff88ed4365 libsystem_pthread.dylib`start_wqthread + 13

  thread #44: tid = 0x002b, 0x00007fff8b9756de libsystem_kernel.dylib`__workq_kernreturn + 10, stop reason = signal SIGSTOP
    frame #0: 0x00007fff8b9756de libsystem_kernel.dylib`__workq_kernreturn + 10
    frame #1: 0x00007fff88ed6729 libsystem_pthread.dylib`_pthread_wqthread + 1283
    frame #2: 0x00007fff88ed4365 libsystem_pthread.dylib`start_wqthread + 13

  thread #45: tid = 0x002c, 0x00007fff8b9756de libsystem_kernel.dylib`__workq_kernreturn + 10, stop reason = signal SIGSTOP
    frame #0: 0x00007fff8b9756de libsystem_kernel.dylib`__workq_kernreturn + 10
    frame #1: 0x00007fff88ed6729 libsystem_pthread.dylib`_pthread_wqthread + 1283
    frame #2: 0x00007fff88ed4365 libsystem_pthread.dylib`start_wqthread + 13

  thread #46: tid = 0x002d, 0x00007fff8b9756de libsystem_kernel.dylib`__workq_kernreturn + 10, stop reason = signal SIGSTOP
    frame #0: 0x00007fff8b9756de libsystem_kernel.dylib`__workq_kernreturn + 10
    frame #1: 0x00007fff88ed6729 libsystem_pthread.dylib`_pthread_wqthread + 1283
    frame #2: 0x00007fff88ed4365 libsystem_pthread.dylib`start_wqthread + 13

  thread #47: tid = 0x002e, 0x00007fff8b974eb2 libsystem_kernel.dylib`__psynch_cvwait + 10, stop reason = signal SIGSTOP
    frame #0: 0x00007fff8b974eb2 libsystem_kernel.dylib`__psynch_cvwait + 10
    frame #1: 0x00007fff88ed7150 libsystem_pthread.dylib`_pthread_cond_wait + 767
    frame #2: 0x00000001072d4a65 libcoreclr.dylib`CorUnix::CPalSynchronizationManager::ThreadNativeWait(CorUnix::_ThreadNativeWaitData*, unsigned int, CorUnix::ThreadWakeupReason*, unsigned int*) + 277
    frame #3: 0x00000001072d4763 libcoreclr.dylib`CorUnix::CPalSynchronizationManager::BlockThread(CorUnix::CPalThread*, unsigned int, bool, bool, CorUnix::ThreadWakeupReason*, unsigned int*) + 515
    frame #4: 0x00000001072d9c40 libcoreclr.dylib`SleepEx + 144
    frame #5: 0x000000010756e0bf libcoreclr.dylib`__SwitchToThread(unsigned int, unsigned int) + 15
    frame #6: 0x000000010750155c libcoreclr.dylib`ThreadpoolMgr::GateThreadStart(void*) + 412
    frame #7: 0x00000001072df3b8 libcoreclr.dylib`CorUnix::CPalThread::ThreadEntry(void*) + 328
    frame #8: 0x00007fff88ed6c13 libsystem_pthread.dylib`_pthread_body + 131
    frame #9: 0x00007fff88ed6b90 libsystem_pthread.dylib`_pthread_start + 168
    frame #10: 0x00007fff88ed4375 libsystem_pthread.dylib`thread_start + 13
(lldb)
```

**Comment by sergiy-k** [comment]
@stephentoub, thank you! It seems that the crash happened on thread #19:

```
thread #19: tid = 0x0012, 0x00007fff95d832ef CoreFoundation`CFRunLoopWakeUp + 79, stop reason = signal SIGSTOP
    frame #0: 0x00007fff95d832ef CoreFoundation`CFRunLoopWakeUp + 79
    frame #1: 0x000000010e3f81cd - DomainBoundILStubClass.IL_STUB_PInvoke(IntPtr)
    frame #2: 0x000000010e3f810b - System.IO.FileSystemWatcher+RunningInstance.CancellationCallback()
    frame #3: 0x000000010e3f8094 - System.IO.FileSystemWatcher+RunningInstance+<>c.<.ctor>b__10_0(System.Object)
    frame #4: 0x000000010dc149f1 - System.Threading.ExecutionContext.Run(System.Threading.ExecutionContext, System.Threading.ContextCallback, System.Object)
```
Here is the instruction that is being executed:

```
* thread #19: tid = 0x0012, 0x00007fff95d832ef CoreFoundation`CFRunLoopWakeUp + 79, stop reason = signal SIGSTOP
    frame #0: 0x00007fff95d832ef CoreFoundation`CFRunLoopWakeUp + 79
CoreFoundation`CFRunLoopWakeUp:
->  0x7fff95d832ef <+79>: cmpl   $0x0, 0xc(%rax)
    0x7fff95d832f3 <+83>: je     0x7fff95d83316            ; <+118>
    0x7fff95d832f5 <+85>: cmpq   -0x28(%rbp), %r12
    0x7fff95d832f9 <+89>: jne    0x7fff95d833a6            ; <+262>
```

The rax register has an interesting value:

```
(lldb) re read
General Purpose Registers:
       rax = 0x8c8c8c8c8c8c8c8c
       rbx = 0x00007fbee2f19fe0
       rcx = 0x0000000000000000
```

**Comment by janvorli** [comment]
The rax is loaded from RBX+0x58. RBX is equal to RDI at the function entry, that means the first parameter passed to the ```CoreFoundation`CFRunLoopWakeUp```
The caller is DomainBoundILStubClass.IL_STUB_PInvoke(IntPtr). Looking at its disassembly, the RDI passed to the ```CoreFoundation`CFRunLoopWakeUp``` is the first parameter passed to the stub.
It's caller is ```System.IO.FileSystemWatcher+RunningInstance.CancellationCallback()```. 
```C#
            private void CancellationCallback()
            {
                if (!_stopping)
                {
                    _stopping = true;

                    // Stop the FS event message pump
                    Interop.RunLoop.CFRunLoopStop(_watcherRunLoop);
                }
            }
```
Before calling the stub, it loads RDI from the member of `RunningInstance` at offset 0x28. 
But, looking at what the `RunningInstance` object reference was in the `CancellationCallback` (RBP-0x10 where it was saved at the beginning of the function, it now points to a completely different object (of type ```System.Threading.ContextCallback``` instead of ```System.IO.FileSystemWatcher+RunningInstance```).
```
(lldb) dumpobj 0x0000000187366c70
Name:        System.Threading.ContextCallback
MethodTable: 000000010def5cb8
EEClass:     000000010d83b548
Size:        64(0x40) bytes
File:        /Users/dotnet-bot/j/workspace/dotnet_corefx/master/osx_debug_prtest@2/bin/tests/OSX.AnyCPU.Debug/System.IO.FileSystem.Watcher.Tests/netcoreapp1.0/System.Private.CoreLib.ni.dll
Fields:
              MT    Field   Offset                 Type VT     Attr            Value Name
000000010defb868  4001210        8        System.Object  0 instance 0000000187366c70 _target
000000010defb868  4001211       10        System.Object  0 instance 0000000000000000 _methodBase
000000010df257f8  4001212       18        System.IntPtr  1 instance 000000010D999040 _methodPtr
000000010df257f8  4001213       20        System.IntPtr  1 instance 000000010DCD0D40 _methodPtrAux
000000010defb868  4001103       28        System.Object  0 instance 0000000000000000 _invocationList
000000010df257f8  4001104       30        System.IntPtr  1 instance 0000000000000000 _invocationCount
```
Further looking at what the object passed to the native function was, . At frame 1, the RDI is stored at the RBP-0x30, further copied to RBP-0x40 and then loaded from RBP-0x40 before calling the native code.
```
(lldb) x/gx $rbp-0x40
0x7000009b3a00: 0x00007fbee2f19fe0
```
And memory at 0x00007fbee2f19fe0 was very likely reclaimed, since it contains a garbage instead of an Object instance:
```
(lldb) x/128bx $rbx
0x7fbee2f19fe0: 0x00 0x00 0x00 0x00 0x00 0x00 0x00 0x00
0x7fbee2f19fe8: 0x00 0x00 0x00 0x00 0x00 0x00 0x00 0x00
0x7fbee2f19ff0: 0x30 0x00 0x8c 0x8c 0x8c 0x8c 0x8c 0x8c
0x7fbee2f19ff8: 0x8c 0x8c 0x8c 0x8c 0x8c 0x8c 0x8c 0x8c
0x7fbee2f1a000: 0x8c 0x8c 0x8c 0x8c 0x8c 0x8c 0x8c 0x8c
0x7fbee2f1a008: 0x8c 0x8c 0x8c 0x8c 0x8c 0x8c 0x8c 0x8c
0x7fbee2f1a010: 0x8c 0x8c 0x8c 0x8c 0x8c 0x8c 0x8c 0x8c
0x7fbee2f1a018: 0x8c 0x8c 0x8c 0x8c 0x8c 0x8c 0x8c 0x8c
0x7fbee2f1a020: 0x8c 0x8c 0x8c 0x8c 0x8c 0x8c 0x8c 0x8c
0x7fbee2f1a028: 0x8c 0x8c 0x8c 0x8c 0x8c 0x8c 0x8c 0x8c
0x7fbee2f1a030: 0x8c 0x8c 0x8c 0x8c 0x8c 0x8c 0x8c 0x8c
0x7fbee2f1a038: 0x8c 0x8c 0x8c 0x8c 0x8c 0x8c 0x8c 0x8c
0x7fbee2f1a040: 0x8c 0x8c 0x8c 0x8c 0x8c 0x8c 0x8c 0x8c
0x7fbee2f1a048: 0x8c 0x8c 0x8c 0x8c 0x8c 0x8c 0x8c 0x8c
0x7fbee2f1a050: 0x8c 0x8c 0x8c 0x8c 0x8c 0x8c 0x8c 0x8c
0x7fbee2f1a058: 0x8c 0x8c 0x8c 0x8c 0x8c 0x8c 0x8c 0x8c
```
As @sergiy-k has pointed out, the `CFRunLoopWakeUp` blows when it tries to reference memory at RAX+0xC and the RAX contains 0x8c8c8c8c8c8c8c8c. 
The RAX is loaded from RBX+0x58 right before the failing instruction. RBX is 0x00007fbee2f19fe0, so RBX+0x58 is 0x7fbee2f1a038, which you can see in the memory dump above.
So the RunningInstance was moved or destroyed and the value that was once in its _watcherRunLoop member points to a garbage now.

**Comment by janvorli** [comment]
Dumping stack objects using `sos DumpStackObjects` reveals that the `RunningInstance` object is still alive and was moved:
```
RSP/REG          Object           Name
.
.
.
00007000009B3A40 0000000187764df8 System.IO.FileSystemWatcher+RunningInstance
.
.
```
```
(lldb) dumpobj 0000000187764df8
Name:        System.IO.FileSystemWatcher+RunningInstance
MethodTable: 000000010e445a78
EEClass:     000000010e453de0
Size:        72(0x48) bytes
File:        /Users/dotnet-bot/j/workspace/dotnet_corefx/master/osx_debug_prtest@2/bin/tests/OSX.AnyCPU.Debug/System.IO.FileSystem.Watcher.Tests/netcoreapp1.0/ystem.IO.FileSystem.Watcher.dll
Fields:
              MT    Field   Offset                 Type VT     Attr            Value Name
000000010e445af0  400009b        8 ...eSystem.Watcher]]  0 instance 0000000187764e40 _weakWatcher
000000010defb9d8  400009c       10        System.String  0 instance 0000000187765298 _fullDirectory
000000010defd208  400009d       34       System.Boolean  1 instance                0 _includeChildren
000000010e4457b0  400009e       30        System.UInt32  1 instance            29696 _filterFlags
000000010e4466d8  400009f       18 ...EventStreamHandle  0 instance 0000000187765688 _eventStream
000000010df257f8  40000a0       28        System.IntPtr  1 instance 00007FBEE2F19FE0 _watcherRunLoop
000000010e446260  40000a1       20 ...entStreamCallback  0 instance 0000000187765648 _callback
000000010df0b610  40000a2       38 ...CancellationToken  1 instance 0000000187764e30 _cancellationToken
000000010defd208  40000a3       35       System.Boolean  1 instance                1 _stopping
```
See the _watcherRunLoop, it still points to the block with the garbage that I've shown above.
So it looks like the issue is an issue of lifetime of the unmanaged memory referenced by the _watcherRunLoop.

**Comment by janvorli** [comment]
My hypothesis is that OSX somehow destroys the run loop after it finishes running and if that races with the cancellation callback, the callback would try to access the already destroyed run loop.

**Comment by adityamandaleeka** [comment]
According to the docs for CFRunLoopGetCurrent:

> 
If you receive an object from any Core Foundation function other than a creation or copy function—such as a Get function—you do not own it and cannot be certain of the object’s life span. If you want to ensure that such an object is not disposed of while you are using it, you must claim ownership (with the CFRetain function). You are then responsible for relinquishing ownership when you have finished with it.

**Comment by adityamandaleeka** [comment]
Another option (instead of using CFRetain) would be to avoid storing `_watcherRunLoop` at all, and instead just calling `CFRunLoopGetCurrent` wherever we need it (of course, this returns the run loop for the calling thread so it would have to be called from the same thread to get the same run loop).

**Comment by ellismg** [comment]
re-assigning to Ian as this looks like a product issue, not a runtime issue.

**Comment by ellismg** [comment]
Thanks for the detailed analysis, @sergiy-k @janvorli and @adityamandaleeka!
